20230909	09:08::00	672bdbe0-c0be-40b8-a6ac-9a087479440e	SyntaxError: Unexpected string in JSON at position 123	/users	undefined
20230909	09:09::13	f223ce4a-f680-4a3c-8584-d5eda5b0dc15	ReferenceError: id is not defined	/users	undefined
20230909	09:13::42	40cf1758-1eb2-494f-b806-8c6057912d3a	CastError: Cast to ObjectId failed for value "{ id: '64fc04ee5a02a90006cb1d0f' }" (type Object) at path "_id" for model "User"	/users	undefined
20230909	09:16::25	86c27258-c25c-44c8-905b-007ccf599750	CastError: Cast to ObjectId failed for value "{ id: '64fc7c45c5e7566cdc732715' }" (type Object) at path "_id" for model "User"	/users	undefined
20230909	09:19::08	df81d900-2ccc-4af3-a8b4-b781a1809294	CastError: Cast to string failed for value "{ username: 'ToneLoc' }" (type Object) at path "username" for model "User"	/users	undefined
20230909	09:19::39	21f9663b-af57-45fd-9d95-f1621634677e	SyntaxError: Unexpected token ' in JSON at position 18	/users	undefined
20230909	09:21::06	f588f86a-a464-4ef1-81ee-cd760e33e0b5	CastError: Cast to string failed for value "{ username: 'ToneLoc' }" (type Object) at path "username" for model "User"	/users	undefined
20230909	09:24::34	21659adc-554a-4de0-807c-48ded0aabf27	SyntaxError: Unexpected token } in JSON at position 24	/users	undefined
20230909	09:24::41	520000e6-1df3-4799-895c-af24a55af858	SyntaxError: Unexpected token " in JSON at position 6	/users	undefined
20230909	09:24::46	8d0482e4-6707-40d6-9fee-723f35d0783a	SyntaxError: Unexpected token " in JSON at position 0	/users	undefined
20230909	09:25::40	a5aa04a5-9c74-4a89-aa35-4daa8e6f68c1	SyntaxError: Unexpected token " in JSON at position 0	/users	undefined
20230909	09:27::51	e36e1843-e9b5-49c0-b9f2-343d19953c3c	CastError: Cast to string failed for value "{ username: 'ToneLoc' }" (type Object) at path "username" for model "User"	/users	undefined
20230909	09:49::57	a6494fec-fb09-41c9-ab0f-c5d34f3220a8	SyntaxError: Unexpected end of JSON input	/users	undefined
20230909	09:51::50	e975ddc0-3810-482c-9f7f-b4dcbd11cb82	SyntaxError: Unexpected end of JSON input	/users	undefined
20230909	09:51::55	25b40f5b-6848-45f7-90d4-8d34124c7ed5	SyntaxError: Unexpected end of JSON input	/users	undefined
20230909	19:04::56	950173da-b82f-4513-9432-7ef3e5622ec0	Error: ENOENT: no such file or directory, stat '/Applications/MAMP/htdocs/WellnessCompass/backend/views/index.html'	/	undefined
20230909	19:05::53	c1d7a90e-c471-476e-a6b8-1a09a25493ac	Error: ENOENT: no such file or directory, stat '/Applications/MAMP/htdocs/WellnessCompass/backend/views/index.html'	/	undefined
20230914	04:36::34	d7f55104-9f82-4a67-b6b2-7753aa7696b4	SyntaxError: Unexpected end of JSON input	/users	undefined
20230914	05:45::54	c4167626-56ac-4014-a34f-d100ccadf744	SyntaxError: Unexpected token p in JSON at position 23	/auth	undefined
<<<<<<< HEAD
20230915	09:14::15	92b71f40-6510-4c8e-afe7-95a9738a2d1a	ValidationError: User validation failed: gender: Cast to Object failed for value "M" (type string) at path "gender"	/users/	undefined
=======
20230919	18:56::12	0e3639e7-165c-4da6-bea5-2304cfcb2233	MongooseError: Model.find() no longer accepts a callback	/refresh	undefined
20230920	04:59::44	d76b2434-b804-46d2-8f4e-94a40218b36b	TypeError: res.headers is not a function	/users	http://localhost:3000
>>>>>>> jwt
