20230909	09:07::47	c38a6308-aad7-4afa-aa3b-36bdec56bd0e	POST	/users	undefined
20230909	09:08::00	f18f9256-9317-4b11-9ca9-178331a1d281	POST	/users	undefined
20230909	09:08::05	ed92b514-bc4d-44a9-8da8-7bdb9d7debcd	POST	/users	undefined
20230909	09:08::43	cf336ad1-b9ed-4533-82b4-81595b5bfa09	GET	/users	undefined
20230909	09:09::13	67bd66fb-6a0c-4c94-9826-6934f96a5e18	GET	/users	undefined
20230909	09:12::19	a6f93c8a-08a1-441b-b6af-572774f56f7b	GET	/users	undefined
20230909	09:13::42	16795558-39b4-4f63-bede-50e594cafc4d	GET	/users	undefined
20230909	09:13::55	2057ea8a-8acb-4242-b401-41ecc5041ac5	GET	/users	undefined
20230909	09:14::21	190d72f0-4889-4d60-8672-11db4b116a05	GET	/users	undefined
20230909	09:16::24	4a0fc179-4a12-4f96-8310-8027d0ff64ed	GET	/users	undefined
20230909	09:16::41	1f33b3dc-a1a8-4e12-9736-c0d619dc7d2d	GET	/users	undefined
20230909	09:17::02	f795a2e8-b557-40b4-95f4-60a5778d32a1	GET	/users	undefined
20230909	09:19::08	0ab80587-25cd-4e18-a56a-d32cf91f37e7	GET	/users	undefined
20230909	09:19::39	d0556470-3eaa-4f48-a729-b0ab5cb5e788	GET	/users	undefined
20230909	09:21::06	2664a8dc-b7fb-4b8d-ab57-830bcd8dce8f	GET	/users	undefined
20230909	09:24::34	118e60b8-03c9-41c9-84f3-9d4a3ac0f4e1	GET	/users	undefined
20230909	09:24::41	837ca01a-58ac-462d-b3b7-99b96e9d2a71	GET	/users	undefined
20230909	09:24::46	53f61ee9-4083-4e3d-93f0-163d49506183	GET	/users	undefined
20230909	09:25::40	44120fd0-1e4f-43df-b1ac-03ffc47ff332	GET	/users	undefined
20230909	09:27::51	81d2bba7-dfba-42cd-8431-435774815d4e	GET	/users	undefined
20230909	09:49::57	9afabdf8-95e1-468d-96c8-fcf305b6b20b	GET	/users	undefined
20230909	09:50::05	7969928f-e2a8-4375-8d90-1b0f35270275	POST	/users	undefined
20230909	09:50::27	5ac4653e-5ada-4824-b378-8d3cb4e05650	GET	/users	undefined
20230909	09:51::50	6b10999a-a5c4-4151-8a51-79b0fc0a7f5a	GET	/users	undefined
20230909	09:51::55	e3909684-976a-46c9-8e03-e2de4da546b8	GET	/users	undefined
20230909	09:52::03	0d22cadc-f41d-4efd-96e8-be3c12106c60	GET	/users	undefined
20230909	12:06::23	e5971f69-7b9c-4f68-9281-e036d0e4632c	GET	/users	undefined
20230909	12:06::57	7906422b-aa89-409e-96ad-e2769ad2fd86	GET	/users	undefined
20230909	12:06::58	179d3929-ef6e-4d53-b2f2-ba32b925adac	GET	/favicon.ico	undefined
20230909	12:16::16	60eafe19-84b2-4e94-8e33-b58ddf4f061f	GET	/ToneLoc	undefined
20230909	12:16::20	2109caeb-bb1e-4f02-97a7-18c06e4dd015	GET	/users/ToneLoc	undefined
20230909	12:22::53	dbeb751a-f71a-4880-a6f6-a36846d489f2	GET	/users/de	undefined
20230909	18:07::51	73c7d5ce-7853-4e53-a236-fdb0f959b938	GET	/users/	undefined
20230909	18:08::00	a18023e4-138c-4131-a7bb-f495abebe39f	GET	/users/64fc04ee5a02a90006cb1d0f	undefined
20230909	18:08::03	1879e082-7095-4d04-907e-d15e3d7b3cdc	GET	/users/	undefined
20230909	18:29::33	4b6c8a88-2e95-4128-92e5-0b276a1bc2cc	GET	/users/	undefined
20230909	19:04::56	63478fd2-9990-4ac0-a2ee-f9e810c8b5e5	GET	/	undefined
20230909	19:05::53	d44f5444-74c9-4492-9ef6-c7beea915106	GET	/	undefined
20230909	19:06::13	46800781-947f-4b72-9bd3-46f651502324	GET	/	undefined
20230909	19:06::13	6fa98bb0-b9bd-4c21-b42a-2df7a85b8897	GET	/css/styles.css	undefined
20230909	19:07::13	978dbac8-e668-4508-a2d6-14cb85d11883	GET	/	undefined
20230909	19:07::13	6ac09224-57c2-4d91-b0bb-5aee703e1214	GET	/css/style.css	undefined
20230909	19:17::09	0770be1f-b5f1-4617-8602-fd2dab2ca47a	GET	/	undefined
20230909	19:17::09	84a6362f-a10b-427d-8695-74afedffcdf2	GET	/css/style.css	undefined
20230909	19:17::09	9f838723-d19f-4aa1-bb73-208d656a65b3	GET	/favicon.ico	undefined
20230912	04:43::04	fb49c45c-0433-4f3a-8abe-2cd823db6c23	GET	/users/ToneLoc	http://localhost:3000
20230912	04:43::04	1881a970-2ce6-4332-b135-cb25f7f554b3	GET	/users/ToneLoc	http://localhost:3000
20230912	04:46::28	ba94695e-64e8-4014-86e7-960fd5ef1ebd	GET	/users/ToneLoc	http://localhost:3000
20230912	04:46::28	452f4639-83bb-489b-922d-5affc4f074e3	GET	/users/ToneLoc	http://localhost:3000
20230913	19:47::42	010bfd4a-444b-4131-b14e-58538a66cd27	POST	/register	undefined
20230913	19:48::20	bd3907f5-6417-49f8-8434-b42ec21f3a2d	POST	/register	undefined
20230913	19:56::15	cdad1185-ee75-4fd0-a88c-47ad95ac4b86	POST	/register	undefined
20230913	19:59::31	e46ea72e-f31a-400f-83c8-9b026e5f6372	OPTIONS	/register	http://localhost:3000
20230913	19:59::31	ad516fb6-c4da-4db3-8314-4425e3d29a08	POST	/register	http://localhost:3000
20230913	20:00::03	4e651f73-3c43-4918-b1ec-6beaf07dc3df	OPTIONS	/register	http://localhost:3000
20230913	20:00::03	6a513fa7-2841-49cf-a1cc-84259ba74846	POST	/register	http://localhost:3000
20230913	20:01::23	25c77a37-3a3b-4830-afdb-b23b99269fd8	OPTIONS	/register	http://localhost:3000
20230913	20:01::23	feb2a007-697a-42ae-ab39-e250d5dab26e	POST	/register	http://localhost:3000
20230913	20:03::08	bd8aae4d-cc80-4a75-8998-c149e3db516d	OPTIONS	/register	http://localhost:3000
20230913	20:03::08	fd495f75-f54d-45ff-88c8-2b0c781a6c04	POST	/register	http://localhost:3000
20230913	20:05::24	cf05723d-b9b2-499c-b758-f5c4c8071c05	GET	/users	undefined
20230913	20:08::19	393ee0a5-333e-4193-a606-993fc3e7f1ad	OPTIONS	/users	http://localhost:3000
20230913	20:08::19	70878ad4-925e-453d-86fd-543836b6014d	POST	/users	http://localhost:3000
20230913	20:08::39	72fb259d-c566-4911-8b7d-8c9d41d76c48	GET	/users	undefined
20230913	20:13::25	93ff7fbe-99e3-4330-9649-32b4169fd7ff	OPTIONS	/users	http://localhost:3000
20230913	20:13::25	67fa9712-32d5-4c3d-af0d-bd97fc050e56	POST	/users	http://localhost:3000
20230913	20:13::32	0b2ec89c-9279-4738-83f3-1f4ea58f9b16	GET	/users	undefined
20230913	21:05::04	d024616c-22be-4200-a024-2d46b20b390d	OPTIONS	/register	http://localhost:3000
20230913	21:05::04	1ee7d3bf-7ca0-42f1-a27e-8ac1e2a262b2	POST	/register	http://localhost:3000
20230913	21:05::28	80a7f9fa-52b2-4f4e-9ac4-760a1abb3df5	OPTIONS	/register	http://localhost:3000
20230913	21:05::28	5e03df5a-d8c0-4ed5-9c04-4bc6b3d5528c	POST	/register	http://localhost:3000
20230913	21:05::52	458fcca8-ec0d-402c-9817-5c36d30a6207	OPTIONS	/register	http://localhost:3000
20230913	21:05::52	c10dcbe7-99d6-4349-9607-c93a5688db56	POST	/register	http://localhost:3000
20230913	21:06::16	220e34d9-f7ad-4e07-b7fd-e6938a35fe44	OPTIONS	/users	http://localhost:3000
20230913	21:06::16	734c9131-0a81-4dae-b0d8-b15a4ad68cdf	POST	/users	http://localhost:3000
20230913	21:07::20	a1142503-dc15-4cd7-977c-53ac2381bd7f	OPTIONS	/users	http://localhost:3000
20230913	21:07::20	065a27a6-3ab7-4e73-b380-40307578fca6	POST	/users	http://localhost:3000
20230913	21:17::40	4a7b53af-88c4-47d9-9a3f-3d07aa47324a	OPTIONS	/users	http://localhost:3000
20230913	21:17::41	5feac9b0-7079-4f4b-8dd2-a1fe649477d6	POST	/users	http://localhost:3000
20230913	21:17::59	d029aadd-9117-4eff-a79f-c3a6c602a133	OPTIONS	/auth	http://localhost:3000
20230913	21:17::59	213e2e38-3d14-4cfe-890e-5cae41336e15	POST	/auth	http://localhost:3000
20230914	04:36::25	3c39b34d-3d89-4035-9323-cc1d2a2270eb	OPTIONS	/users	http://localhost:3000
20230914	04:36::25	a2728cd1-cb59-4cd6-98a6-03322e51006f	POST	/users	http://localhost:3000
20230914	04:36::34	f34876fe-0b53-410b-9e3b-d2a99a18d2d1	GET	/users	undefined
20230914	04:37::00	1568ddf5-e84b-4608-a8b1-48f32825b6ea	GET	/users	undefined
20230914	05:11::06	62458197-37e6-49c8-a7ce-1b82672468c0	POST	/auth	undefined
20230914	05:39::09	558e3736-9b2a-4fb4-9337-5406ef42aa3f	POST	/auth	undefined
20230914	05:39::38	1cfd8c56-83c5-4e7c-a5d4-0105bfd64c99	GET	/users	undefined
20230914	05:45::36	167a6b48-1bdc-446c-89a5-8fa80ed70aeb	POST	/auth	undefined
20230914	05:45::54	8c926c71-fba7-458e-8127-69e7e599272b	POST	/auth	undefined
20230914	05:47::06	5ee44d99-fb69-4c25-baf6-20211b3f1a59	POST	/auth	undefined
20230914	05:54::43	3bb3b31c-2037-4534-b396-d4c0482f5a3f	OPTIONS	/auth	http://localhost:3000
20230914	05:54::43	639613af-e5cb-47c9-8b97-d844fb7c70e0	POST	/auth	http://localhost:3000
20230914	05:54::59	e89ea15a-9e4d-4c81-97fd-1c0271a0127a	GET	/users	undefined
20230914	05:55::20	90e16126-a775-432a-97d2-a566519e9461	OPTIONS	/auth	http://localhost:3000
20230914	05:55::20	b7685641-1ba7-4b2b-9d1d-cc6673fd7411	POST	/auth	http://localhost:3000
20230916	14:46::28	81a70760-4fad-4ac1-a4b9-8d342fc52fc8	OPTIONS	/users	http://localhost:3000
20230916	14:46::28	c1500cbd-5f02-4e8d-a9fe-546a6bde9ac4	POST	/users	http://localhost:3000
20230916	14:46::42	842919f1-72ba-449b-b3ce-d5fa0761cf8e	OPTIONS	/auth	http://localhost:3000
20230916	14:46::42	234eccb7-83e0-40ae-bb9a-4b35c355983c	POST	/auth	http://localhost:3000
20230916	14:54::49	ac024020-dbe8-4ec9-bcc8-81049f3b7db1	OPTIONS	/auth	http://localhost:3000
20230916	14:54::49	f7373bff-24fd-483c-8ef0-808ab6f2c948	POST	/auth	http://localhost:3000
20230916	14:55::07	fd405463-a68e-4c2c-b176-95e4615553a8	OPTIONS	/auth	http://localhost:3000
20230916	14:55::07	4e9aef30-2418-427d-ba1f-e4903d16eb47	POST	/auth	http://localhost:3000
20230916	14:57::48	06f6cceb-e464-41cc-9e45-d5c6f68ed435	POST	/users	undefined
20230916	15:02::39	e34bf059-7bc0-4fe9-8844-08c014ff6cb4	POST	/users	undefined
20230916	15:03::32	145621d6-b75b-40af-87e3-c3af348236c4	POST	/auth	undefined
20230916	15:04::02	1f6091d1-8459-4e21-82db-73799a979eb7	GET	/users	undefined
20230916	15:04::11	6fca5007-e0b8-400d-a64e-5c68c1e048ca	GET	/user	undefined
20230916	15:04::16	7fa096ed-b37b-42f4-9fe0-6820cfac8928	GET	/auth	undefined
20230916	15:04::17	7386579f-9792-4772-854e-6a8477ed8b2c	GET	/auth	undefined
20230916	15:04::22	05ea5c50-675c-4b99-8580-b63b957b5aca	GET	/users	undefined
20230916	15:06::48	2cbc0702-4125-46d4-8db5-d6a26fea1af7	GET	/users	undefined
20230916	15:07::37	447cc9f1-2830-4709-87dc-9e5c129e7504	GET	/users	undefined
20230916	15:07::47	e0b6b369-3cd9-4f94-91d2-dcd126198a99	POST	/auth	undefined
20230917	08:58::24	6ed332a8-9e6d-4489-b62f-a8cb13f1c321	POST	/auth	undefined
20230917	08:58::56	b9654491-e0b0-4d28-80e3-b0d798284202	POST	/auth	undefined
20230917	08:58::58	6e606a6e-1078-4c03-8e48-3b98bbe8928e	POST	/auth	undefined
20230917	09:00::18	374662be-bb9f-4fc9-b446-c4393e48fc9e	POST	/auth	undefined
20230917	09:02::32	bed2af7f-ebaf-4358-8db7-ff2dac296a98	POST	/users	undefined
20230917	09:12::52	b3bba3ef-6cf0-43f8-982c-a82b4e933a45	GET	/users	undefined
20230917	09:15::30	9b386a40-fdd3-4de0-bdc7-2146712ae359	POST	/auth	undefined
20230917	09:15::51	be54152e-299b-491b-ad9c-c90ddef8f7a9	POST	/auth	undefined
20230917	09:16::07	2581802a-ceb8-400f-b22c-e8d6d8573f00	POST	/auth	undefined
20230917	09:16::13	d766e975-b03e-4533-b63f-a276e1323b31	POST	/auth	undefined
20230917	09:16::51	eb493f2e-87ca-4885-bc0f-ccadfbaca663	POST	/auth	undefined
20230917	09:18::08	ba62732b-56c0-4c70-8e1c-7f79d409efeb	OPTIONS	/users	http://localhost:3000
20230917	09:18::08	4b0a4799-dc89-48c2-af7c-37c8e16715a5	POST	/users	http://localhost:3000
20230917	09:18::23	07c7abaa-0aea-4519-a285-45c1214a3dfe	GET	/users	undefined
20230917	09:19::05	fba6654a-645b-4c75-acb0-b42f45dbed45	OPTIONS	/users	http://localhost:3000
20230917	09:19::05	969178cb-c23c-401f-95f8-766315c077d9	POST	/users	http://localhost:3000
20230917	09:19::25	9008ba23-4e21-4f6b-b88d-5dcb20546543	OPTIONS	/auth	http://localhost:3000
20230917	09:19::25	3edce49e-2208-43d7-b5c9-fe57e4e8d32e	POST	/auth	http://localhost:3000
20230917	09:19::36	0d630cd5-1540-40eb-b401-9ca6b5c27cb6	OPTIONS	/auth	http://localhost:3000
20230917	09:19::36	1e635111-7905-4dd7-9473-7e5440498479	POST	/auth	http://localhost:3000
20230917	09:20::47	8fc6ea4e-5821-4cb8-8113-fc56056e50d2	OPTIONS	/auth	http://localhost:3000
20230917	09:20::47	3ad2eda9-b0d5-40b2-b70e-189c4dd43a2a	POST	/auth	http://localhost:3000
20230917	09:23::50	1814a22d-af18-4ca0-856b-dd6b75bbd1c8	OPTIONS	/auth	http://localhost:3000
20230917	09:23::50	9f2f08c9-63e8-44b8-8c3e-c902e320ea1a	POST	/auth	http://localhost:3000
20230917	09:28::01	aa82f973-4236-40d1-ac33-95baf803c211	OPTIONS	/auth	http://localhost:3000
20230917	09:28::01	06266a13-ccb2-448c-afb4-53bb5487c7c0	POST	/auth	http://localhost:3000
20230917	09:35::17	a2306352-4f1c-43e7-8df7-5b4af91af01c	OPTIONS	/auth	http://localhost:3000
20230917	09:35::17	1e543649-d60b-434d-9bb6-99dd577db9fb	POST	/auth	http://localhost:3000
20230917	09:48::15	61e5e57f-d60f-431f-bcfd-3bb02f0c0630	OPTIONS	/auth	http://localhost:3000
20230917	09:48::15	f887d087-ac5a-4ff7-9d4f-26c1a87be4c3	POST	/auth	http://localhost:3000
20230917	09:49::24	169cc5d7-c6af-4add-98f0-03d02298768c	OPTIONS	/auth	http://localhost:3000
20230917	09:49::24	31e8cf0a-b45b-47a5-a6d8-a4f2d4f70aee	POST	/auth	http://localhost:3000
20230917	09:50::10	0e209f3d-7c77-43db-9592-e70f4105a113	OPTIONS	/auth	http://localhost:3000
20230917	09:50::10	eedd7e94-db7d-4a9a-bc2e-b6302eec2dd8	POST	/auth	http://localhost:3000
20230917	09:51::30	aafaccfc-3754-4833-8472-2bbe616ba087	OPTIONS	/auth	http://localhost:3000
20230917	09:51::30	9cee05ec-6b74-467a-b856-17def8a8b94c	POST	/auth	http://localhost:3000
20230917	09:53::27	266be9d3-d78b-4cc2-9530-3f9887923ee1	OPTIONS	/auth	http://localhost:3000
20230917	09:53::27	4c686d71-d396-45e6-8089-1ddef2a6fb4c	POST	/auth	http://localhost:3000
20230917	09:54::06	0c35a004-c201-4596-8979-db26608360d2	OPTIONS	/auth	http://localhost:3000
20230917	09:54::06	968457e4-42ef-4b4c-b492-ffc19e708733	POST	/auth	http://localhost:3000
20230917	09:54::37	5eb813e9-c9d8-4da7-9188-83675fd641f6	OPTIONS	/auth	http://localhost:3000
20230917	09:54::37	291daebe-5f3e-4122-856d-642124788333	POST	/auth	http://localhost:3000
20230917	09:55::44	37e86c67-1840-4813-a4ef-57970ac8fd9f	OPTIONS	/auth	http://localhost:3000
20230917	09:55::44	5dd5bdef-137d-403e-a7a1-5c9a3d9e8f60	POST	/auth	http://localhost:3000
20230917	09:57::40	963c31cd-a787-48ff-bd61-885b4d2cd0b5	OPTIONS	/auth	http://localhost:3000
20230917	09:57::40	b40c22f2-c45d-47e7-8e9f-4555f7313189	POST	/auth	http://localhost:3000
20230917	09:57::59	b6307cf6-bbbe-4752-8a58-8677781dfae6	OPTIONS	/auth	http://localhost:3000
20230917	09:57::59	de8094b4-14a8-45a1-b30d-9aa6f77e1222	POST	/auth	http://localhost:3000
20230917	09:58::49	edb46da1-437d-4cd1-8098-a8cf50cb1570	POST	/auth	undefined
20230917	09:59::07	125ce9e0-2e3b-4495-b064-5657e0b0c217	POST	/auth	undefined
