20230908	10:36::44	49ddfe22-8c67-46db-850e-d4b0ee396b65	GET	/index	https://www.google.com
20230909	00:25::32	00331aaf-3aff-41bd-ac08-d90fa7658ecc	GET	/users	undefined
20230909	00:26::50	4794c483-947a-4e86-b70f-016118cee495	GET	/users	undefined
20230909	00:28::49	3f227b58-5767-4c5e-a707-219a57d4b81b	POST	/users	undefined
20230909	00:29::30	9a004a2c-348c-4cb5-8594-4a185c0f3cf0	POST	/users	undefined
20230909	00:30::42	5ccdf329-3314-4cf0-9ef5-198f048ac356	POST	/users	undefined
20230909	00:32::10	347e6e19-aa6e-4ff3-a8ee-9c9604c93650	GET	/users	undefined
20230909	00:32::15	fdefd080-de5c-4f60-8839-ce9442b94425	GET	/users	undefined
20230909	00:34::30	c04c0d0a-04cd-4858-8b7a-c2ed01fd6b51	POST	/users	undefined
20230909	00:34::35	af74aad3-4430-4ebb-853a-d90935d56e61	POST	/users	undefined
20230909	00:35::34	74e22896-5632-4915-8753-d5c9556b44db	POST	/users	undefined
20230909	00:38::23	69fe0de7-4ba4-433b-ae74-78be9786687f	POST	/users	undefined
20230909	00:38::54	9ef0a0eb-455d-4076-8639-c1f613ff4ed2	POST	/users	undefined
20230909	00:41::42	4a36ed44-be5d-4e80-8e05-a987d40d27e2	GET	/users	undefined
20230909	00:42::08	cc70bd22-b0ee-460b-9c45-82d3a45bd2ae	GET	/users	undefined
20230909	00:42::35	ad6c777c-b335-421d-b565-d2669aba0b8e	GET	/users	undefined
20230909	00:42::59	17688114-88b8-4e9c-83d9-57934cffdb07	PATCH	/users	undefined
20230909	00:43::00	fc3eca54-2525-4763-a007-578291e936d2	PATCH	/users	undefined
20230909	00:43::04	64442b46-2b79-46fd-9af1-a07191871545	PATCH	/users	undefined
20230909	00:43::29	afc9692d-db83-4c59-a62f-059e94bf6fee	PATCH	/users	undefined
20230909	00:43::52	35f9e437-2942-400b-9a03-55ed0d14bd15	PATCH	/users	undefined
20230909	00:44::03	24a7a962-561b-42e8-96ce-b0f5a89125f2	PATCH	/users	undefined
20230909	00:44::58	fee0055b-0b8f-4c98-b9b1-d12b026486b8	PATCH	/users	undefined
20230909	00:46::04	f358c011-17d3-41db-9364-ba025ebafa34	PATCH	/users	undefined
20230909	00:48::30	12f1b173-d50a-42b4-9d69-f54d4f86711b	PATCH	/users	undefined
20230909	00:49::15	f7123fb5-c815-4efa-9873-db449a282b4f	PATCH	/users	undefined
20230909	00:50::42	9bcc44df-7cd7-4aeb-935d-028eefb93b44	PATCH	/users	undefined
20230909	00:51::24	57916fea-4827-4c73-8f5f-c8002f95ad3d	PATCH	/users	undefined
20230909	00:54::49	d254b825-2960-4d4f-b177-b149d77283a7	PATCH	/users	undefined
20230909	00:55::58	d06a8bea-e9bd-4e92-a115-9938672f9e8f	PATCH	/users	undefined
20230909	00:56::51	8cc04a55-ebec-4eb8-951f-fd707992d3e3	PATCH	/users	undefined
20230909	01:02::04	ea12ed11-8bc6-4266-9e12-6b784c3161d2	PATCH	/users	undefined
20230909	01:02::59	abf1b620-6390-4d57-9cad-311f16491b50	PATCH	/users	undefined
20230909	01:03::16	e205e762-6440-46d4-9ec1-9874c2f56de4	PATCH	/users	undefined
20230909	01:04::46	7569e1a4-9a72-4796-a346-1fda7c64b52d	PATCH	/users	undefined
20230909	01:05::23	a736853e-f1c3-4361-aa89-f88648c67af0	GET	/users	undefined
20230909	01:06::25	54798695-5764-4273-98d0-ab02bc003d4f	GET	/users	undefined
20230909	01:06::37	ac231209-c764-4407-95a2-62577031c8e4	PATCH	/users	undefined
20230909	01:07::00	a0d8c397-24fb-4cd2-97ec-c2c38a49566b	PATCH	/users	undefined
20230909	01:07::21	0d7b2370-5770-4dfd-8689-67be027e5405	PATCH	/users	undefined
20230909	01:07::34	5e78fbdb-2e85-4acc-a01b-0ed85dcbe435	PATCH	/users	undefined
20230909	01:08::29	02e74592-f819-4a3f-880f-43a5435ad114	PATCH	/users	undefined
20230909	01:09::46	e4976d82-0d58-47a3-85a5-136a1591497f	PATCH	/users	undefined
20230909	07:54::10	d2589564-cfef-49be-933d-7df1a7552277	PATCH	/users	undefined
20230909	07:57::19	dbe1fb20-3f55-4aae-88fd-813bd6e5e388	DELETE	/users	undefined
20230909	07:58::04	808a5e90-accc-4f4c-96fd-83d03ecccffd	DELETE	/users	undefined
20230909	07:58::26	f3c4d153-80cc-4296-a355-8421503848cb	DELETE	/users	undefined
20230909	08:00::30	c37b5b35-ab42-42b9-804f-1d4caf820273	PATCH	/users	undefined
20230909	08:03::00	e35eeaf1-00a6-4e4f-915c-13bec95b6bee	PATCH	/users	undefined
